0 info it worked if it ends with ok
1 verbose cli [ '/usr/bin/node', '/usr/bin/npm', 'install', '-g', 'jshint' ]
2 info using npm@1.3.17
3 info using node@v0.10.23
4 verbose node symlink /usr/bin/node
5 verbose cache add [ 'jshint', null ]
6 verbose cache add name=undefined spec="jshint" args=["jshint",null]
7 verbose parsed url { protocol: null,
7 verbose parsed url   slashes: null,
7 verbose parsed url   auth: null,
7 verbose parsed url   host: null,
7 verbose parsed url   port: null,
7 verbose parsed url   hostname: null,
7 verbose parsed url   hash: null,
7 verbose parsed url   search: null,
7 verbose parsed url   query: null,
7 verbose parsed url   pathname: 'jshint',
7 verbose parsed url   path: 'jshint',
7 verbose parsed url   href: 'jshint' }
8 silly lockFile da5c03cb-jshint jshint
9 verbose lock jshint /home/nomuto/.npm/da5c03cb-jshint.lock
10 silly lockFile da5c03cb-jshint jshint
11 silly lockFile da5c03cb-jshint jshint
12 verbose addNamed [ 'jshint', '' ]
13 verbose addNamed [ null, '*' ]
14 silly lockFile a02a2468-jshint jshint@
15 verbose lock jshint@ /home/nomuto/.npm/a02a2468-jshint.lock
16 silly addNameRange { name: 'jshint', range: '*', hasData: false }
17 verbose url raw jshint
18 verbose url resolving [ 'https://registry.npmjs.org/', './jshint' ]
19 verbose url resolved https://registry.npmjs.org/jshint
20 info trying registry request attempt 1 at 23:45:31
21 verbose etag "3G9JPHEYPOAMJ4YUIPBHEDVOC"
22 http GET https://registry.npmjs.org/jshint
23 http 304 https://registry.npmjs.org/jshint
24 silly registry.get cb [ 304,
24 silly registry.get   { server: 'CouchDB/1.5.0 (Erlang OTP/R15B03)',
24 silly registry.get     etag: '"3G9JPHEYPOAMJ4YUIPBHEDVOC"',
24 silly registry.get     date: 'Thu, 19 Dec 2013 04:45:38 GMT',
24 silly registry.get     'content-length': '0' } ]
25 verbose etag jshint from cache
26 silly addNameRange number 2 { name: 'jshint', range: '*', hasData: true }
27 silly addNameRange versions [ 'jshint',
27 silly addNameRange   [ '0.1.8',
27 silly addNameRange     '0.1.9',
27 silly addNameRange     '0.2.0',
27 silly addNameRange     '0.2.1',
27 silly addNameRange     '0.2.2',
27 silly addNameRange     '0.2.3',
27 silly addNameRange     '0.3.0',
27 silly addNameRange     '0.3.1',
27 silly addNameRange     '0.4.0',
27 silly addNameRange     '0.5.0',
27 silly addNameRange     '0.5.1',
27 silly addNameRange     '0.5.2',
27 silly addNameRange     '0.5.3',
27 silly addNameRange     '0.5.4',
27 silly addNameRange     '0.5.5',
27 silly addNameRange     '0.5.6',
27 silly addNameRange     '0.5.7',
27 silly addNameRange     '0.5.8',
27 silly addNameRange     '0.5.9',
27 silly addNameRange     '0.6.0',
27 silly addNameRange     '0.6.1',
27 silly addNameRange     '0.6.2',
27 silly addNameRange     '0.6.3',
27 silly addNameRange     '0.7.0',
27 silly addNameRange     '0.7.1',
27 silly addNameRange     '0.7.2',
27 silly addNameRange     '0.7.3',
27 silly addNameRange     '0.8.0',
27 silly addNameRange     '0.8.1',
27 silly addNameRange     '0.8.2',
27 silly addNameRange     '0.9.0',
27 silly addNameRange     '0.9.1',
27 silly addNameRange     '1.0.0',
27 silly addNameRange     '1.1.0',
27 silly addNameRange     '2.0.0',
27 silly addNameRange     '2.0.1',
27 silly addNameRange     '2.1.0',
27 silly addNameRange     '2.1.1',
27 silly addNameRange     '2.1.2',
27 silly addNameRange     '2.1.3',
27 silly addNameRange     '2.1.4',
27 silly addNameRange     '2.1.5',
27 silly addNameRange     '2.1.6',
27 silly addNameRange     '2.1.7',
27 silly addNameRange     '2.1.8',
27 silly addNameRange     '2.1.9',
27 silly addNameRange     '2.1.10',
27 silly addNameRange     '2.1.11',
27 silly addNameRange     '2.2.0',
27 silly addNameRange     '2.3.0' ] ]
28 verbose addNamed [ 'jshint', '2.3.0' ]
29 verbose addNamed [ '2.3.0', '2.3.0' ]
30 silly lockFile 8841ddaf-jshint-2-3-0 jshint@2.3.0
31 verbose lock jshint@2.3.0 /home/nomuto/.npm/8841ddaf-jshint-2-3-0.lock
32 silly lockFile 8841ddaf-jshint-2-3-0 jshint@2.3.0
33 silly lockFile 8841ddaf-jshint-2-3-0 jshint@2.3.0
34 silly lockFile a02a2468-jshint jshint@
35 silly lockFile a02a2468-jshint jshint@
36 silly resolved [ { name: 'jshint',
36 silly resolved     version: '2.3.0',
36 silly resolved     homepage: 'http://jshint.com/',
36 silly resolved     description: 'Static analysis tool for JavaScript',
36 silly resolved     author:
36 silly resolved      { name: 'Anton Kovalyov',
36 silly resolved        email: 'anton@kovalyov.net',
36 silly resolved        url: 'http://anton.kovalyov.net/' },
36 silly resolved     repository: { type: 'git', url: 'https://github.com/jshint/jshint.git' },
36 silly resolved     bugs: { url: 'https://github.com/jshint/jshint/issues' },
36 silly resolved     bin: { jshint: './bin/jshint' },
36 silly resolved     scripts:
36 silly resolved      { data: 'node scripts/generate-identifier-data',
36 silly resolved        build: 'node bin/build',
36 silly resolved        test: 'nodeunit tests tests/regression tests/unit',
36 silly resolved        pretest: 'jshint src' },
36 silly resolved     main: './src/jshint.js',
36 silly resolved     dependencies:
36 silly resolved      { shelljs: '0.1.x',
36 silly resolved        underscore: '1.4.x',
36 silly resolved        cli: '0.4.x',
36 silly resolved        minimatch: '0.x.x',
36 silly resolved        'console-browserify': '0.1.x' },
36 silly resolved     devDependencies:
36 silly resolved      { jshint: '2.3.x',
36 silly resolved        shelljs: '0.1.x',
36 silly resolved        browserify: '2.12.x',
36 silly resolved        coveraje: '0.2.x',
36 silly resolved        nodeunit: '0.8.x',
36 silly resolved        sinon: '1.7.x',
36 silly resolved        'unicode-6.3.0': '0.1.x',
36 silly resolved        regenerate: '0.5.x' },
36 silly resolved     jshintConfig:
36 silly resolved      { boss: true,
36 silly resolved        node: true,
36 silly resolved        strict: true,
36 silly resolved        white: true,
36 silly resolved        smarttabs: true,
36 silly resolved        maxlen: 100,
36 silly resolved        newcap: false,
36 silly resolved        undef: true,
36 silly resolved        unused: true,
36 silly resolved        onecase: true,
36 silly resolved        indent: 2 },
36 silly resolved     licenses: [ [Object] ],
36 silly resolved     preferGlobal: true,
36 silly resolved     files: [ 'bin', 'src', 'data' ],
36 silly resolved     readme: 'JSHint, A Static Code Analysis Tool for JavaScript\n--------------------------------------------------\n\n\\[ [Use it online](http://jshint.com/) •  [About](http://jshint.com/about/) • \n[Docs](http://jshint.com/docs/) • [FAQ](http://jshint.com/docs/faq) • \n[Install](http://jshint.com/install/) • [Hack](http://jshint.com/hack/) • \n[Blog](http://jshint.com/blog/) • [Twitter](https://twitter.com/jshint/) \\]\n\n[![Build Status](https://travis-ci.org/jshint/jshint.png?branch=master)](https://travis-ci.org/jshint/jshint)\n[![NPM version](https://badge.fury.io/js/jshint.png)](http://badge.fury.io/js/jshint)\n\nJSHint is a community-driven tool to detect errors and potential problems\nin JavaScript code and to enforce your team’s coding conventions. It is\nvery flexible so you can easily adjust it to your particular coding guidelines\nand the environment you expect your code to execute in.\n\n#### JSHint 2.x versus JSHint 3\n\nThere\'s an effort going on to release the next major version of JSHint. All\ndevelopment in the `master` branch is for the version 3.0. Current stable\nversion is in the `2.x` branch. Keep that in mind when submitting pull requests.\n\nAlso, before reporting a bug or thinking about hacking on JSHint, read this:\n[JSHint 3 plans](http://www.jshint.com/blog/jshint-3-plans/). TL;DR: we\'re\nmoving away from style checks within JSHint so no new features around\nstyle checks will be accepted. Bug fixes are fine for the `2.x` branch.\n\n#### Reporting a bug\n\nTo report a bug simply create a\n[new GitHub Issue](https://github.com/jshint/jshint/issues/new) and describe\nyour problem or suggestion. We welcome all kind of feedback regarding\nJSHint including but not limited to:\n\n * When JSHint doesn\'t work as expected\n * When JSHint complains about valid JavaScript code that works in all browsers\n * When you simply want a new option or feature\n\nBefore reporting a bug look around to see if there are any open or closed tickets\nthat cover your issue. And remember the wisdom: pull request > bug report > tweet.\n\n\n#### License\n\nJSHint is distributed under the MIT License. One file and one file only\n(src/stable/jshint.js) is distributed under the slightly modified MIT License.\n\n\n#### Thank you!\n\nWe really appreciate all kind of feedback and contributions. Thanks for using and supporting JSHint!\n',
36 silly resolved     readmeFilename: 'README.md',
36 silly resolved     _id: 'jshint@2.3.0',
36 silly resolved     _from: 'jshint@' } ]
37 info install jshint@2.3.0 into /usr/lib
38 info installOne jshint@2.3.0
39 info /usr/lib/node_modules/jshint unbuild
40 verbose tar unpack /home/nomuto/.npm/jshint/2.3.0/package.tgz
41 silly lockFile 5d4bbf58-tar-usr-lib-node-modules-jshint tar:///usr/lib/node_modules/jshint
42 verbose lock tar:///usr/lib/node_modules/jshint /home/nomuto/.npm/5d4bbf58-tar-usr-lib-node-modules-jshint.lock
43 silly lockFile bdfda563-uto-npm-jshint-2-3-0-package-tgz tar:///home/nomuto/.npm/jshint/2.3.0/package.tgz
44 verbose lock tar:///home/nomuto/.npm/jshint/2.3.0/package.tgz /home/nomuto/.npm/bdfda563-uto-npm-jshint-2-3-0-package-tgz.lock
45 silly gunzTarPerm modes [ '755', '644' ]
46 error Error: EACCES, mkdir '/usr/lib/node_modules/jshint'
46 error  { [Error: EACCES, mkdir '/usr/lib/node_modules/jshint']
46 error   errno: 3,
46 error   code: 'EACCES',
46 error   path: '/usr/lib/node_modules/jshint',
46 error   fstream_type: 'Directory',
46 error   fstream_path: '/usr/lib/node_modules/jshint',
46 error   fstream_class: 'DirWriter',
46 error   fstream_stack:
46 error    [ '/usr/lib/node_modules/npm/node_modules/fstream/lib/dir-writer.js:36:23',
46 error      '/usr/lib/node_modules/npm/node_modules/mkdirp/index.js:37:53',
46 error      'Object.oncomplete (fs.js:107:15)' ] }
47 error Please try running this command again as root/Administrator.
48 error System Linux 3.8.0-29-generic
49 error command "/usr/bin/node" "/usr/bin/npm" "install" "-g" "jshint"
50 error cwd /home/nomuto/GitHub/angular-ui-form-validation
51 error node -v v0.10.23
52 error npm -v 1.3.17
53 error path /usr/lib/node_modules/jshint
54 error fstream_path /usr/lib/node_modules/jshint
55 error fstream_type Directory
56 error fstream_class DirWriter
57 error code EACCES
58 error errno 3
59 error stack Error: EACCES, mkdir '/usr/lib/node_modules/jshint'
60 error fstream_stack /usr/lib/node_modules/npm/node_modules/fstream/lib/dir-writer.js:36:23
60 error fstream_stack /usr/lib/node_modules/npm/node_modules/mkdirp/index.js:37:53
60 error fstream_stack Object.oncomplete (fs.js:107:15)
61 verbose exit [ 3, true ]
